<?xml version="1.0" encoding="UTF-8"?>
<Site BuildName="Linux-gcc-12"
	BuildStamp="20240405-1504-Experimental"
	Name="Laptop"
	Generator="ctest-3.22.1"
	CompilerName=""
	CompilerVersion=""
	OSName="Linux"
	Hostname="Laptop"
	OSRelease="6.5.0-26-generic"
	OSVersion="#26~22.04.1-Ubuntu SMP PREEMPT_DYNAMIC Tue Mar 12 10:22:43 UTC 2"
	OSPlatform="x86_64"
	Is64Bits="1"
	VendorString="GenuineIntel"
	VendorID="Intel Corporation"
	FamilyID="6"
	ModelID="141"
	ProcessorCacheSize="24576"
	NumberOfLogicalCPU="16"
	NumberOfPhysicalCPU="8"
	TotalVirtualMemory="2047"
	TotalPhysicalMemory="15660"
	LogicalProcessorsPerPhysical="2"
	ProcessorClockFrequency="3813.25"
	>
	<Testing>
		<StartDateTime>Apr 05 11:33 EDT</StartDateTime>
		<StartTestTime>1712331219</StartTestTime>
		<TestList/>
		<EndDateTime>Apr 05 11:33 EDT</EndDateTime>
		<EndTestTime>1712331219</EndTestTime>
		<ElapsedMinutes>0</ElapsedMinutes>
	</Testing>
</Site>
